
5월 23, 2022 12:25:40.428 NEW SESSION
5월 23, 2022 12:25:40.428 [5816:4016:0523/122540.413:ERROR:device_event_log_impl.cc(214)] [12:25:40.422] Bluetooth: bluetooth_adapter_winrt.cc:1075 Getting Default Adapter failed.
5월 23, 2022 12:26:38.276 [5816:928:0523/122638.276:ERROR:util.cc(126)] Can't create base directory: C:\Program Files (x86)\Google\GoogleUpdater
5월 23, 2022 12:55:55.38 [5816:4016:0523/125555.038:ERROR:interface_endpoint_client.cc(665)] Message 1 rejected by interface blink.mojom.WidgetHost
5월 23, 2022 14:57:20.405 [10004:4220:0523/145720.405:ERROR:device_event_log_impl.cc(214)] [14:57:20.408] Bluetooth: bluetooth_adapter_winrt.cc:1075 Getting Default Adapter failed.
5월 23, 2022 14:58:18.285 [10004:5276:0523/145818.285:ERROR:util.cc(126)] Can't create base directory: C:\Program Files (x86)\Google\GoogleUpdater
5월 23, 2022 15:08:06.667 [10004:4220:0523/150806.667:ERROR:interface_endpoint_client.cc(665)] Message 1 rejected by interface blink.mojom.WidgetHost

5월 24, 2022 14:47:49.481 NEW SESSION
5월 24, 2022 14:47:49.481 [9540:3432:0524/144749.479:ERROR:device_event_log_impl.cc(214)] [14:47:49.479] Bluetooth: bluetooth_adapter_winrt.cc:1075 Getting Default Adapter failed.
5월 24, 2022 14:48:47.369 [9540:7148:0524/144847.369:ERROR:util.cc(126)] Can't create base directory: C:\Program Files (x86)\Google\GoogleUpdater
5월 24, 2022 14:58:36.701 [9540:3432:0524/145836.701:ERROR:interface_endpoint_client.cc(665)] Message 1 rejected by interface blink.mojom.WidgetHost

6월 02, 2022 17:16:39.999 NEW SESSION
6월 02, 2022 17:16:39.999 [2420:9176:0602/171639.996:ERROR:usb_descriptors.cc(141)] Failed to read length for configuration 0.
6월 02, 2022 17:16:40.01 [2420:9176:0602/171639.996:ERROR:usb_descriptors.cc(100)] Failed to read all configuration descriptors. Expected 1, got 0.
6월 02, 2022 17:16:40.01 [2420:9176:0602/171639.996:ERROR:device_event_log_impl.cc(214)] [17:16:39.996] USB: usb_device_win.cc:96 Failed to read descriptors from \\?\usb#vid_10c4&pid_8108#6&df2ee03&0&3#{a5dcbf10-6530-11d2-901f-00c04fb951ed}.
6월 02, 2022 17:16:40.09 [2420:9176:0602/171640.009:ERROR:device_event_log_impl.cc(214)] [17:16:40.009] Bluetooth: bluetooth_adapter_winrt.cc:1074 Getting Default Adapter failed.
6월 02, 2022 17:17:37.774 [2420:244:0602/171737.774:ERROR:util.cc(127)] Can't create base directory: C:\Program Files (x86)\Google\GoogleUpdater

6월 03, 2022 16:36:55.159 NEW SESSION
6월 03, 2022 16:36:55.159 [8536:3908:0603/163655.157:ERROR:device_event_log_impl.cc(214)] [16:36:55.157] Bluetooth: bluetooth_adapter_winrt.cc:1074 Getting Default Adapter failed.
6월 03, 2022 16:37:52.649 [8536:8364:0603/163752.649:ERROR:util.cc(127)] Can't create base directory: C:\Program Files (x86)\Google\GoogleUpdater
6월 03, 2022 17:30:13.224 [8536:3908:0603/173013.224:ERROR:interface_endpoint_client.cc(665)] Message 1 rejected by interface blink.mojom.WidgetHost

6월 07, 2022 17:39:03.191 NEW SESSION
6월 07, 2022 17:39:03.191 [10644:9664:0607/173903.188:ERROR:usb_descriptors.cc(114)] Failed to parse configuration descriptor.
6월 07, 2022 17:39:03.192 [10644:9664:0607/173903.188:ERROR:usb_descriptors.cc(100)] Failed to read all configuration descriptors. Expected 1, got 0.
6월 07, 2022 17:39:03.192 [10644:9664:0607/173903.188:ERROR:device_event_log_impl.cc(214)] [17:39:03.188] USB: usb_device_win.cc:96 Failed to read descriptors from \\?\usb#vid_10c4&pid_8108#6&df2ee03&0&3#{a5dcbf10-6530-11d2-901f-00c04fb951ed}.
6월 07, 2022 17:39:03.201 [10644:9664:0607/173903.200:ERROR:device_event_log_impl.cc(214)] [17:39:03.201] Bluetooth: bluetooth_adapter_winrt.cc:1074 Getting Default Adapter failed.
6월 07, 2022 17:39:51.983 [6852:1536:0607/173951.983:ERROR:device_event_log_impl.cc(214)] [17:39:51.982] Bluetooth: bluetooth_adapter_winrt.cc:1074 Getting Default Adapter failed.
6월 07, 2022 17:40:49.438 [6852:6560:0607/174049.438:ERROR:util.cc(127)] Can't create base directory: C:\Program Files (x86)\Google\GoogleUpdater

6월 08, 2022 17:12:59.806 NEW SESSION
6월 08, 2022 17:12:59.806 [5952:960:0608/171259.804:ERROR:device_event_log_impl.cc(214)] [17:12:59.805] Bluetooth: bluetooth_adapter_winrt.cc:1074 Getting Default Adapter failed.
6월 08, 2022 17:13:57.737 [5952:8048:0608/171357.737:ERROR:util.cc(127)] Can't create base directory: C:\Program Files (x86)\Google\GoogleUpdater
6월 08, 2022 17:48:15.832 [4672:6184:0608/174815.832:ERROR:device_event_log_impl.cc(214)] [17:48:15.832] Bluetooth: bluetooth_adapter_winrt.cc:1074 Getting Default Adapter failed.
6월 08, 2022 17:48:44.454 [2220:3104:0608/174844.454:ERROR:device_event_log_impl.cc(214)] [17:48:44.455] Bluetooth: bluetooth_adapter_winrt.cc:1074 Getting Default Adapter failed.
6월 08, 2022 17:49:42.172 [2220:10172:0608/174942.172:ERROR:util.cc(127)] Can't create base directory: C:\Program Files (x86)\Google\GoogleUpdater

7월 11, 2022 17:17:32.495 NEW SESSION
7월 11, 2022 17:17:32.495 [3568:7496:0711/171732.494:ERROR:device_event_log_impl.cc(214)] [17:17:32.494] Bluetooth: bluetooth_adapter_winrt.cc:1074 Getting Default Adapter failed.
7월 11, 2022 17:18:29.461 [3568:9696:0711/171829.461:ERROR:util.cc(127)] Can't create base directory: C:\Program Files (x86)\Google\GoogleUpdater
7월 11, 2022 17:19:05.138 [10076:8368:0711/171905.138:ERROR:device_event_log_impl.cc(214)] [17:19:05.138] Bluetooth: bluetooth_adapter_winrt.cc:1074 Getting Default Adapter failed.
7월 11, 2022 17:20:02.976 [10076:5664:0711/172002.976:ERROR:util.cc(127)] Can't create base directory: C:\Program Files (x86)\Google\GoogleUpdater
7월 11, 2022 17:33:45.445 [10076:8368:0711/173345.445:ERROR:interface_endpoint_client.cc(665)] Message 1 rejected by interface blink.mojom.WidgetHost
7월 11, 2022 17:44:10.295 [10076:8368:0711/174410.295:ERROR:interface_endpoint_client.cc(665)] Message 1 rejected by interface blink.mojom.WidgetHost

7월 13, 2022 17:53:11.177 NEW SESSION
7월 13, 2022 17:53:11.177 [3136:13744:0713/175311.175:ERROR:device_event_log_impl.cc(214)] [17:53:11.175] Bluetooth: bluetooth_adapter_winrt.cc:1074 Getting Default Adapter failed.

7월 18, 2022 12:20:06.939 NEW SESSION
7월 18, 2022 12:20:06.939 [13856:14280:0718/122006.936:ERROR:device_event_log_impl.cc(214)] [12:20:06.936] Bluetooth: bluetooth_adapter_winrt.cc:1074 Getting Default Adapter failed.
7월 18, 2022 12:21:04.827 [13856:604:0718/122104.826:ERROR:util.cc(127)] Can't create base directory: C:\Program Files (x86)\Google\GoogleUpdater
7월 18, 2022 12:53:20.824 [6288:13664:0718/125320.824:ERROR:device_event_log_impl.cc(214)] [12:53:20.823] Bluetooth: bluetooth_adapter_winrt.cc:1074 Getting Default Adapter failed.
7월 18, 2022 12:54:18.774 [6288:14660:0718/125418.774:ERROR:util.cc(127)] Can't create base directory: C:\Program Files (x86)\Google\GoogleUpdater
7월 18, 2022 17:29:13.146 [6288:13664:0718/172913.146:ERROR:interface_endpoint_client.cc(665)] Message 1 rejected by interface blink.mojom.WidgetHost
7월 18, 2022 17:54:18.774 [6288:7312:0718/175418.774:ERROR:util.cc(127)] Can't create base directory: C:\Program Files (x86)\Google\GoogleUpdater
